<?xml version="1.0" encoding="UTF-8"?>
<testsuite xmlns:xsi="http://www.w3.org/2001/XMLSchema-instance" xsi:noNamespaceSchemaLocation="https://maven.apache.org/surefire/maven-surefire-plugin/xsd/surefire-test-report.xsd" version="3.0.2" name="com.example.runner.TestRunner" time="39.98" tests="1" errors="0" skipped="0" failures="0">
  <properties>
[...]
</properties>
  <testcase name="Successful product registration with site id" classname="Project Registration with site id" time="36.169">
    <system-out><![CDATA[
Scenario: Successful product registration with site id &amp#27;[90m# src/test/resources/features/ProductRegistration.feature:3&amp#27;[0m
  &amp#27;[32mGiven &amp#27;[0m&amp#27;[32mI am on the login page&amp#27;[0m                         &amp#27;[90m# com.example.stepdefinations.ProductRegistrationSteps.iAmOnTheLoginPage()&amp#27;[0m
  &amp#27;[32mWhen &amp#27;[0m&amp#27;[32mI enter username&amp#27;[0m                                &amp#27;[90m# com.example.stepdefinations.ProductRegistrationSteps.iEnterUsername()&amp#27;[0m
  &amp#27;[32mAnd &amp#27;[0m&amp#27;[32mI enter password&amp#27;[0m                                 &amp#27;[90m# com.example.stepdefinations.ProductRegistrationSteps.iEnterPassword()&amp#27;[0m
  &amp#27;[32mAnd &amp#27;[0m&amp#27;[32mI click the login button&amp#27;[0m                         &amp#27;[90m# com.example.stepdefinations.ProductRegistrationSteps.iClickTheLoginButton()&amp#27;[0m
  &amp#27;[32mThen &amp#27;[0m&amp#27;[32mI should be logged in successfully&amp#27;[0m              &amp#27;[90m# com.example.stepdefinations.ProductRegistrationSteps.iShouldBeLoggedInSuccessfully()&amp#27;[0m
]]></system-out>
    <system-err><![CDATA[Feb 12, 2025 4:35:03 PM org.openqa.selenium.devtools.CdpVersionFinder findNearestMatch
WARNING: Unable to find an exact match for CDP version 133, returning the closest version; found: 131; Please update to a Selenium version that supports CDP version 133
]]></system-err>
  </testcase>
</testsuite>